Array
(
    [Host] => royallinerexpress.ct.ws
    [X-Forwarded-Proto] => https
    [X-Real-IP] => 197.250.226.198
    [X-Forwarded-For] => 197.250.226.198
    [Connection] => close
    [Cache-Control] => max-age=0
    [sec-ch-ua] => "Google Chrome";v="131", "Chromium";v="131", "Not_A Brand";v="24"
    [sec-ch-ua-mobile] => ?0
    [sec-ch-ua-platform] => "Windows"
    [upgrade-insecure-requests] => 1
    [User-Agent] => Mozilla/5.0 (Windows NT 10.0; Win64; x64) AppleWebKit/537.36 (KHTML, like Gecko) Chrome/131.0.0.0 Safari/537.36
    [Accept] => text/html,application/xhtml+xml,application/xml;q=0.9,image/avif,image/webp,image/apng,*/*;q=0.8,application/signed-exchange;v=b3;q=0.7
    [sec-fetch-site] => same-origin
    [sec-fetch-mode] => navigate
    [sec-fetch-user] => ?1
    [sec-fetch-dest] => document
    [Referer] => https://royallinerexpress.ct.ws/pay_info.php?bill=142443824
    [Accept-Encoding] => gzip, deflate, br, zstd
    [Accept-Language] => en-US,en;q=0.9
    [priority] => u=0, i
    [Content-Length] => 0
)
Raw Data: 
Headers:
Array
(
    [Host] => royallinerexpress.ct.ws
    [X-Forwarded-Proto] => https
    [X-Real-IP] => 197.250.226.198
    [X-Forwarded-For] => 197.250.226.198
    [Connection] => close
    [Cache-Control] => max-age=0
    [sec-ch-ua] => "Google Chrome";v="131", "Chromium";v="131", "Not_A Brand";v="24"
    [sec-ch-ua-mobile] => ?0
    [sec-ch-ua-platform] => "Windows"
    [upgrade-insecure-requests] => 1
    [User-Agent] => Mozilla/5.0 (Windows NT 10.0; Win64; x64) AppleWebKit/537.36 (KHTML, like Gecko) Chrome/131.0.0.0 Safari/537.36
    [Accept] => text/html,application/xhtml+xml,application/xml;q=0.9,image/avif,image/webp,image/apng,*/*;q=0.8,application/signed-exchange;v=b3;q=0.7
    [sec-fetch-site] => same-origin
    [sec-fetch-mode] => navigate
    [sec-fetch-user] => ?1
    [sec-fetch-dest] => document
    [Referer] => https://royallinerexpress.ct.ws/pay_info.php?bill=142443824
    [Accept-Encoding] => gzip, deflate, br, zstd
    [Accept-Language] => en-US,en;q=0.9
    [priority] => u=0, i
    [Content-Length] => 0
)
Request Method: GET
Raw Data: 
Headers:
Array
(
    [Host] => royallinerexpress.ct.ws
    [X-Forwarded-Proto] => https
    [X-Real-IP] => 197.250.226.198
    [X-Forwarded-For] => 197.250.226.198
    [Connection] => close
    [Cache-Control] => max-age=0
    [sec-ch-ua] => "Google Chrome";v="131", "Chromium";v="131", "Not_A Brand";v="24"
    [sec-ch-ua-mobile] => ?0
    [sec-ch-ua-platform] => "Windows"
    [upgrade-insecure-requests] => 1
    [User-Agent] => Mozilla/5.0 (Windows NT 10.0; Win64; x64) AppleWebKit/537.36 (KHTML, like Gecko) Chrome/131.0.0.0 Safari/537.36
    [Accept] => text/html,application/xhtml+xml,application/xml;q=0.9,image/avif,image/webp,image/apng,*/*;q=0.8,application/signed-exchange;v=b3;q=0.7
    [sec-fetch-site] => same-origin
    [sec-fetch-mode] => navigate
    [sec-fetch-user] => ?1
    [sec-fetch-dest] => document
    [Referer] => https://royallinerexpress.ct.ws/pay_info.php?bill=142443824
    [Accept-Encoding] => gzip, deflate, br, zstd
    [Accept-Language] => en-US,en;q=0.9
    [priority] => u=0, i
    [Content-Length] => 0
)
Request Method: GET
Raw Data: 
